<?xml version="1.0" encoding="UTF-8"?>
<testsuite name="tests.RegistrationTests" tests="2" skipped="0" failures="0" errors="0" timestamp="2022-02-18T12:41:57" hostname="DESKTOP-7VMBUT4" time="3.303">
  <properties/>
  <testcase name="registrationSuccess" classname="tests.RegistrationTests" time="1.742"/>
  <testcase name="registrationSuccessModel" classname="tests.RegistrationTests" time="1.337"/>
  <system-out><![CDATA[14:41:57 INFO  tests.TestsBase - Name of test --->registrationSuccess
14:41:57 INFO  manager.MyListener - Start find element ---> By.xpath: //*[.='Sign Out']
14:41:57 INFO  manager.MyListener - Element with locator ---> By.xpath: //*[.='Sign Out'] was found
14:41:57 INFO  manager.MyListener - Start find element ---> By.xpath: //*[.='Sign Out']
14:41:57 INFO  manager.MyListener - Element with locator ---> By.xpath: //*[.='Sign Out'] was found
14:41:57 INFO  manager.MyListener - Start find element ---> By.cssSelector: a[href='/login']
14:41:57 INFO  manager.MyListener - Element with locator ---> By.cssSelector: a[href='/login'] was found
14:41:57 INFO  manager.MyListener - Start find element ---> By.xpath: //*[@placeholder='Email']
14:41:57 INFO  manager.MyListener - Element with locator ---> By.xpath: //*[@placeholder='Email'] was found
14:41:58 INFO  manager.MyListener - Start find element ---> By.xpath: //*[@placeholder='Password']
14:41:58 INFO  manager.MyListener - Element with locator ---> By.xpath: //*[@placeholder='Password'] was found
14:41:58 INFO  manager.MyListener - Start find element ---> By.cssSelector: button:last-child
14:41:58 INFO  manager.MyListener - Element with locator ---> By.cssSelector: button:last-child was found
14:41:58 INFO  manager.MyListener - Start find element ---> By.cssSelector: a[href='/add']
14:41:59 INFO  manager.MyListener - Element with locator ---> By.cssSelector: a[href='/add'] was found
14:41:59 INFO  tests.TestsBase - Name of test --->registrationSuccessModel
14:41:59 INFO  manager.MyListener - Start find element ---> By.xpath: //*[.='Sign Out']
14:41:59 INFO  manager.MyListener - Element with locator ---> By.xpath: //*[.='Sign Out'] was found
14:41:59 INFO  manager.MyListener - Start find element ---> By.xpath: //*[.='Sign Out']
14:41:59 INFO  manager.MyListener - Element with locator ---> By.xpath: //*[.='Sign Out'] was found
14:41:59 INFO  manager.MyListener - Start find element ---> By.cssSelector: a[href='/login']
14:41:59 INFO  manager.MyListener - Element with locator ---> By.cssSelector: a[href='/login'] was found
14:41:59 INFO  manager.MyListener - Start find element ---> By.xpath: //*[@placeholder='Email']
14:41:59 INFO  manager.MyListener - Element with locator ---> By.xpath: //*[@placeholder='Email'] was found
14:42:00 INFO  manager.MyListener - Start find element ---> By.xpath: //*[@placeholder='Password']
14:42:00 INFO  manager.MyListener - Element with locator ---> By.xpath: //*[@placeholder='Password'] was found
14:42:00 INFO  manager.MyListener - Start find element ---> By.cssSelector: button:last-child
14:42:00 INFO  manager.MyListener - Element with locator ---> By.cssSelector: button:last-child was found
14:42:00 INFO  manager.MyListener - Start find element ---> By.cssSelector: a[href='/add']
14:42:00 INFO  manager.MyListener - Element with locator ---> By.cssSelector: a[href='/add'] was found
]]></system-out>
  <system-err><![CDATA[]]></system-err>
</testsuite>
