<?xml version="1.0" encoding="UTF-8"?>
<testsuite name="tests.RemoveContactTest" tests="2" skipped="0" failures="0" errors="0" timestamp="2022-02-18T12:42:18" hostname="DESKTOP-7VMBUT4" time="32.289">
  <properties/>
  <testcase name="removeAllContactTest" classname="tests.RemoveContactTest" time="10.126"/>
  <testcase name="removeOneContact" classname="tests.RemoveContactTest" time="5.031"/>
  <system-out><![CDATA[14:42:01 INFO  tests.TestsBase - Name of test --->removeAllContactTest
14:42:01 INFO  manager.MyListener - Start find element ---> By.xpath: //*[.='Sign Out']
14:42:01 INFO  manager.MyListener - Element with locator ---> By.xpath: //*[.='Sign Out'] was found
14:42:01 INFO  manager.MyListener - Start find element ---> By.cssSelector: .contact-item_card__2SOIM
14:42:06 INFO  manager.MyListener - Element with locator ---> By.cssSelector: .contact-item_card__2SOIM was found
14:42:06 INFO  manager.MyListener - Start find element ---> By.cssSelector: a[href='/add']
14:42:06 INFO  manager.MyListener - Element with locator ---> By.cssSelector: a[href='/add'] was found
14:42:06 INFO  manager.MyListener - Start find element ---> By.xpath: (//input[@placeholder='Name'])
14:42:06 INFO  manager.MyListener - Element with locator ---> By.xpath: (//input[@placeholder='Name']) was found
14:42:06 INFO  manager.MyListener - Start find element ---> By.xpath: //input[@placeholder='Last Name']
14:42:06 INFO  manager.MyListener - Element with locator ---> By.xpath: //input[@placeholder='Last Name'] was found
14:42:07 INFO  manager.MyListener - Start find element ---> By.xpath: //input[@placeholder='Phone']
14:42:07 INFO  manager.MyListener - Element with locator ---> By.xpath: //input[@placeholder='Phone'] was found
14:42:07 INFO  manager.MyListener - Start find element ---> By.xpath: //input[@placeholder='email']
14:42:07 INFO  manager.MyListener - Element with locator ---> By.xpath: //input[@placeholder='email'] was found
14:42:07 INFO  manager.MyListener - Start find element ---> By.xpath: //input[@placeholder='Address']
14:42:07 INFO  manager.MyListener - Element with locator ---> By.xpath: //input[@placeholder='Address'] was found
14:42:08 INFO  manager.MyListener - Start find element ---> By.xpath: //input[@placeholder='description']
14:42:08 INFO  manager.MyListener - Element with locator ---> By.xpath: //input[@placeholder='description'] was found
14:42:08 INFO  manager.MyListener - Start find element ---> By.xpath: //button[.='Save']
14:42:08 INFO  manager.MyListener - Element with locator ---> By.xpath: //button[.='Save'] was found
14:42:10 INFO  manager.MyListener - Start find element ---> By.cssSelector: a[href='/add']
14:42:10 INFO  manager.MyListener - Element with locator ---> By.cssSelector: a[href='/add'] was found
14:42:10 INFO  manager.MyListener - Start find element ---> By.xpath: (//input[@placeholder='Name'])
14:42:10 INFO  manager.MyListener - Element with locator ---> By.xpath: (//input[@placeholder='Name']) was found
14:42:11 INFO  manager.MyListener - Start find element ---> By.xpath: //input[@placeholder='Last Name']
14:42:11 INFO  manager.MyListener - Element with locator ---> By.xpath: //input[@placeholder='Last Name'] was found
14:42:11 INFO  manager.MyListener - Start find element ---> By.xpath: //input[@placeholder='Phone']
14:42:11 INFO  manager.MyListener - Element with locator ---> By.xpath: //input[@placeholder='Phone'] was found
14:42:11 INFO  manager.MyListener - Start find element ---> By.xpath: //input[@placeholder='email']
14:42:11 INFO  manager.MyListener - Element with locator ---> By.xpath: //input[@placeholder='email'] was found
14:42:12 INFO  manager.MyListener - Start find element ---> By.xpath: //input[@placeholder='Address']
14:42:12 INFO  manager.MyListener - Element with locator ---> By.xpath: //input[@placeholder='Address'] was found
14:42:12 INFO  manager.MyListener - Start find element ---> By.xpath: //input[@placeholder='description']
14:42:12 INFO  manager.MyListener - Element with locator ---> By.xpath: //input[@placeholder='description'] was found
14:42:12 INFO  manager.MyListener - Start find element ---> By.xpath: //button[.='Save']
14:42:12 INFO  manager.MyListener - Element with locator ---> By.xpath: //button[.='Save'] was found
14:42:15 INFO  manager.MyListener - Start find element ---> By.cssSelector: a[href='/add']
14:42:15 INFO  manager.MyListener - Element with locator ---> By.cssSelector: a[href='/add'] was found
14:42:15 INFO  manager.MyListener - Start find element ---> By.xpath: (//input[@placeholder='Name'])
14:42:15 INFO  manager.MyListener - Element with locator ---> By.xpath: (//input[@placeholder='Name']) was found
14:42:15 INFO  manager.MyListener - Start find element ---> By.xpath: //input[@placeholder='Last Name']
14:42:15 INFO  manager.MyListener - Element with locator ---> By.xpath: //input[@placeholder='Last Name'] was found
14:42:15 INFO  manager.MyListener - Start find element ---> By.xpath: //input[@placeholder='Phone']
14:42:15 INFO  manager.MyListener - Element with locator ---> By.xpath: //input[@placeholder='Phone'] was found
14:42:15 INFO  manager.MyListener - Start find element ---> By.xpath: //input[@placeholder='email']
14:42:16 INFO  manager.MyListener - Element with locator ---> By.xpath: //input[@placeholder='email'] was found
14:42:16 INFO  manager.MyListener - Start find element ---> By.xpath: //input[@placeholder='Address']
14:42:16 INFO  manager.MyListener - Element with locator ---> By.xpath: //input[@placeholder='Address'] was found
14:42:16 INFO  manager.MyListener - Start find element ---> By.xpath: //input[@placeholder='description']
14:42:16 INFO  manager.MyListener - Element with locator ---> By.xpath: //input[@placeholder='description'] was found
14:42:16 INFO  manager.MyListener - Start find element ---> By.xpath: //button[.='Save']
14:42:16 INFO  manager.MyListener - Element with locator ---> By.xpath: //button[.='Save'] was found
14:42:18 INFO  manager.MyListener - Start find element ---> By.cssSelector: .contact-item_card__2SOIM
14:42:23 INFO  manager.MyListener - Element with locator ---> By.cssSelector: .contact-item_card__2SOIM was found
14:42:23 INFO  manager.MyListener - Start find element ---> By.cssSelector: .contact-item_card__2SOIM
14:42:29 INFO  manager.MyListener - Element with locator ---> By.cssSelector: .contact-item_card__2SOIM was found
14:42:29 INFO  tests.TestsBase - Name of test --->removeOneContact
14:42:29 INFO  manager.MyListener - Start find element ---> By.xpath: //*[.='Sign Out']
14:42:29 INFO  manager.MyListener - Element with locator ---> By.xpath: //*[.='Sign Out'] was found
14:42:29 INFO  manager.MyListener - Start find element ---> By.cssSelector: .contact-item_card__2SOIM
14:42:34 INFO  manager.MyListener - Element with locator ---> By.cssSelector: .contact-item_card__2SOIM was found
14:42:34 INFO  manager.MyListener - Start find element ---> By.cssSelector: a[href='/add']
14:42:34 INFO  manager.MyListener - Element with locator ---> By.cssSelector: a[href='/add'] was found
14:42:34 INFO  manager.MyListener - Start find element ---> By.xpath: (//input[@placeholder='Name'])
14:42:34 INFO  manager.MyListener - Element with locator ---> By.xpath: (//input[@placeholder='Name']) was found
14:42:34 INFO  manager.MyListener - Start find element ---> By.xpath: //input[@placeholder='Last Name']
14:42:34 INFO  manager.MyListener - Element with locator ---> By.xpath: //input[@placeholder='Last Name'] was found
14:42:34 INFO  manager.MyListener - Start find element ---> By.xpath: //input[@placeholder='Phone']
14:42:34 INFO  manager.MyListener - Element with locator ---> By.xpath: //input[@placeholder='Phone'] was found
14:42:35 INFO  manager.MyListener - Start find element ---> By.xpath: //input[@placeholder='email']
14:42:35 INFO  manager.MyListener - Element with locator ---> By.xpath: //input[@placeholder='email'] was found
14:42:35 INFO  manager.MyListener - Start find element ---> By.xpath: //input[@placeholder='Address']
14:42:35 INFO  manager.MyListener - Element with locator ---> By.xpath: //input[@placeholder='Address'] was found
14:42:35 INFO  manager.MyListener - Start find element ---> By.xpath: //input[@placeholder='description']
14:42:35 INFO  manager.MyListener - Element with locator ---> By.xpath: //input[@placeholder='description'] was found
14:42:35 INFO  manager.MyListener - Start find element ---> By.xpath: //button[.='Save']
14:42:35 INFO  manager.MyListener - Element with locator ---> By.xpath: //button[.='Save'] was found
14:42:38 INFO  manager.MyListener - Start find element ---> By.cssSelector: a[href='/add']
14:42:38 INFO  manager.MyListener - Element with locator ---> By.cssSelector: a[href='/add'] was found
14:42:38 INFO  manager.MyListener - Start find element ---> By.xpath: (//input[@placeholder='Name'])
14:42:38 INFO  manager.MyListener - Element with locator ---> By.xpath: (//input[@placeholder='Name']) was found
14:42:38 INFO  manager.MyListener - Start find element ---> By.xpath: //input[@placeholder='Last Name']
14:42:38 INFO  manager.MyListener - Element with locator ---> By.xpath: //input[@placeholder='Last Name'] was found
14:42:38 INFO  manager.MyListener - Start find element ---> By.xpath: //input[@placeholder='Phone']
14:42:38 INFO  manager.MyListener - Element with locator ---> By.xpath: //input[@placeholder='Phone'] was found
14:42:39 INFO  manager.MyListener - Start find element ---> By.xpath: //input[@placeholder='email']
14:42:39 INFO  manager.MyListener - Element with locator ---> By.xpath: //input[@placeholder='email'] was found
14:42:39 INFO  manager.MyListener - Start find element ---> By.xpath: //input[@placeholder='Address']
14:42:39 INFO  manager.MyListener - Element with locator ---> By.xpath: //input[@placeholder='Address'] was found
14:42:39 INFO  manager.MyListener - Start find element ---> By.xpath: //input[@placeholder='description']
14:42:39 INFO  manager.MyListener - Element with locator ---> By.xpath: //input[@placeholder='description'] was found
14:42:40 INFO  manager.MyListener - Start find element ---> By.xpath: //button[.='Save']
14:42:40 INFO  manager.MyListener - Element with locator ---> By.xpath: //button[.='Save'] was found
14:42:42 INFO  manager.MyListener - Start find element ---> By.cssSelector: a[href='/add']
14:42:42 INFO  manager.MyListener - Element with locator ---> By.cssSelector: a[href='/add'] was found
14:42:42 INFO  manager.MyListener - Start find element ---> By.xpath: (//input[@placeholder='Name'])
14:42:42 INFO  manager.MyListener - Element with locator ---> By.xpath: (//input[@placeholder='Name']) was found
14:42:42 INFO  manager.MyListener - Start find element ---> By.xpath: //input[@placeholder='Last Name']
14:42:42 INFO  manager.MyListener - Element with locator ---> By.xpath: //input[@placeholder='Last Name'] was found
14:42:42 INFO  manager.MyListener - Start find element ---> By.xpath: //input[@placeholder='Phone']
14:42:43 INFO  manager.MyListener - Element with locator ---> By.xpath: //input[@placeholder='Phone'] was found
14:42:43 INFO  manager.MyListener - Start find element ---> By.xpath: //input[@placeholder='email']
14:42:43 INFO  manager.MyListener - Element with locator ---> By.xpath: //input[@placeholder='email'] was found
14:42:43 INFO  manager.MyListener - Start find element ---> By.xpath: //input[@placeholder='Address']
14:42:43 INFO  manager.MyListener - Element with locator ---> By.xpath: //input[@placeholder='Address'] was found
14:42:43 INFO  manager.MyListener - Start find element ---> By.xpath: //input[@placeholder='description']
14:42:43 INFO  manager.MyListener - Element with locator ---> By.xpath: //input[@placeholder='description'] was found
14:42:44 INFO  manager.MyListener - Start find element ---> By.xpath: //button[.='Save']
14:42:44 INFO  manager.MyListener - Element with locator ---> By.xpath: //button[.='Save'] was found
14:42:46 INFO  manager.MyListener - Start find element ---> By.cssSelector: .contact-item_card__2SOIM
14:42:51 INFO  manager.MyListener - Element with locator ---> By.cssSelector: .contact-item_card__2SOIM was found
]]></system-out>
  <system-err><![CDATA[]]></system-err>
</testsuite>
