<?xml version="1.0" encoding="UTF-8"?>
<testsuite name="tests.AddContactTest" tests="1" skipped="0" failures="0" errors="0" timestamp="2022-02-18T11:49:35" hostname="DESKTOP-7VMBUT4" time="6.065">
  <properties/>
  <testcase name="addContactSuccess" classname="tests.AddContactTest" time="6.065"/>
  <system-out><![CDATA[13:49:28 INFO  tests.TestsBase - Name of test --->addContactSuccess
13:49:28 INFO  manager.MyListener - Start find element ---> By.xpath: //*[.='Sign Out']
13:49:33 INFO  manager.MyListener - Element with locator ---> By.xpath: //*[.='Sign Out'] was found
13:49:33 INFO  manager.MyListener - Start find element ---> By.cssSelector: a[href='/login']
13:49:34 INFO  manager.MyListener - Element with locator ---> By.cssSelector: a[href='/login'] was found
13:49:34 INFO  manager.MyListener - Start find element ---> By.xpath: //*[@placeholder='Email']
13:49:34 INFO  manager.MyListener - Element with locator ---> By.xpath: //*[@placeholder='Email'] was found
13:49:34 INFO  manager.MyListener - Start find element ---> By.xpath: //*[@placeholder='Password']
13:49:34 INFO  manager.MyListener - Element with locator ---> By.xpath: //*[@placeholder='Password'] was found
13:49:35 INFO  manager.MyListener - Start find element ---> By.xpath: //button[.=' Login']
13:49:35 INFO  manager.MyListener - Element with locator ---> By.xpath: //button[.=' Login'] was found
13:49:35 INFO  manager.MyListener - Start find element ---> By.cssSelector: .contact-item_card__2SOIM
13:49:36 INFO  manager.MyListener - Element with locator ---> By.cssSelector: .contact-item_card__2SOIM was found
13:49:36 INFO  manager.MyListener - Start find element ---> By.cssSelector: a[href='/add']
13:49:36 INFO  manager.MyListener - Element with locator ---> By.cssSelector: a[href='/add'] was found
13:49:37 INFO  manager.MyListener - Start find element ---> By.xpath: (//input[@placeholder='Name'])
13:49:37 INFO  manager.MyListener - Element with locator ---> By.xpath: (//input[@placeholder='Name']) was found
13:49:37 INFO  manager.MyListener - Start find element ---> By.xpath: //input[@placeholder='Last Name']
13:49:37 INFO  manager.MyListener - Element with locator ---> By.xpath: //input[@placeholder='Last Name'] was found
13:49:38 INFO  manager.MyListener - Start find element ---> By.xpath: //input[@placeholder='Phone']
13:49:38 INFO  manager.MyListener - Element with locator ---> By.xpath: //input[@placeholder='Phone'] was found
13:49:38 INFO  manager.MyListener - Start find element ---> By.xpath: //input[@placeholder='email']
13:49:38 INFO  manager.MyListener - Element with locator ---> By.xpath: //input[@placeholder='email'] was found
13:49:38 INFO  manager.MyListener - Start find element ---> By.xpath: //input[@placeholder='Address']
13:49:39 INFO  manager.MyListener - Element with locator ---> By.xpath: //input[@placeholder='Address'] was found
13:49:39 INFO  manager.MyListener - Start find element ---> By.xpath: //input[@placeholder='description']
13:49:39 INFO  manager.MyListener - Element with locator ---> By.xpath: //input[@placeholder='description'] was found
13:49:40 INFO  manager.MyListener - Start find element ---> By.xpath: //button[.='Save']
13:49:40 INFO  manager.MyListener - Element with locator ---> By.xpath: //button[.='Save'] was found
13:49:40 INFO  manager.MyListener - Start find element ---> By.cssSelector: .contact-item_card__2SOIM
13:49:41 INFO  manager.MyListener - Element with locator ---> By.cssSelector: .contact-item_card__2SOIM was found
13:49:41 INFO  manager.MyListener - Start find element ---> By.cssSelector: h2
13:49:41 INFO  manager.MyListener - Element with locator ---> By.cssSelector: h2 was found
13:49:41 INFO  manager.MyListener - Start find element ---> By.cssSelector: h3
13:49:41 INFO  manager.MyListener - Element with locator ---> By.cssSelector: h3 was found
]]></system-out>
  <system-err><![CDATA[]]></system-err>
</testsuite>
